<?xml version="1.0" encoding="UTF-8"?>
<!-- Generated by org.testng.reporters.JUnitReportReporter -->
<testsuite skipped="0" hostname="KalpeshT-W10" name="testCases.VerifyQRCodes" tests="1" failures="0" timestamp="19 Mar 2020 07:56:19 GMT" time="57.193" errors="0">
  <testcase name="verifyQRCodeGenrated" time="57.193" classname="testCases.VerifyQRCodes"/>
</testsuite> <!-- testCases.VerifyQRCodes -->
